/home/leonwilliams/miniforge3/envs/unimatch/lib/python3.8/site-packages/torch/_tensor.py:575: UserWarning: floor_divide is deprecated, and will be removed in a future version of pytorch. It currently rounds toward 0 (like the 'trunc' function NOT 'floor'). This results in incorrect rounding for negative values.
To keep the current behavior, use torch.div(a, b, rounding_mode='trunc'), or for actual floor division, use torch.div(a, b, rounding_mode='floor'). (Triggered internally at  /opt/conda/conda-bld/pytorch_1623448234945/work/aten/src/ATen/native/BinaryOps.cpp:467.)
  return torch.floor_divide(self, other)
Load checkpoint: pretrained/gmflow-scale2-regrefine6-mixdata-train320x576-4e7b215d.pth
77 images found
(216, 266, 3)
(216, 266, 3)
(216, 266, 3)
(216, 266, 3)
(216, 266, 3)
(216, 266, 3)
(216, 266, 3)
(216, 266, 3)
(216, 266, 3)
(216, 266, 3)
(216, 266, 3)
(216, 266, 3)
(216, 266, 3)
(216, 266, 3)
(216, 266, 3)
(216, 266, 3)
(216, 266, 3)
(216, 266, 3)
(216, 266, 3)
(216, 266, 3)
(216, 266, 3)
(216, 266, 3)
(216, 266, 3)
(216, 266, 3)
(216, 266, 3)
(216, 266, 3)
(216, 266, 3)
(216, 266, 3)
(216, 266, 3)
(216, 266, 3)
(216, 266, 3)
(216, 266, 3)
(216, 266, 3)
(216, 266, 3)
(216, 266, 3)
(216, 266, 3)
(216, 266, 3)
(216, 266, 3)
(216, 266, 3)
(216, 266, 3)
(216, 266, 3)
(216, 266, 3)
(216, 266, 3)
(216, 266, 3)
(216, 266, 3)
(216, 266, 3)
(216, 266, 3)
(216, 266, 3)
(216, 266, 3)
predicting 50/77
(216, 266, 3)
(216, 266, 3)
(216, 266, 3)
(216, 266, 3)
(216, 266, 3)
(216, 266, 3)
(216, 266, 3)
(216, 266, 3)
(216, 266, 3)
(216, 266, 3)
(216, 266, 3)
(216, 266, 3)
(216, 266, 3)
(216, 266, 3)
(216, 266, 3)
(216, 266, 3)
(216, 266, 3)
(216, 266, 3)
(216, 266, 3)
(216, 266, 3)
(216, 266, 3)
(216, 266, 3)
(216, 266, 3)
(216, 266, 3)
(216, 266, 3)
(216, 266, 3)
(216, 266, 3)
Done!
/home/leonwilliams/miniforge3/envs/unimatch/lib/python3.8/site-packages/torch/_tensor.py:575: UserWarning: floor_divide is deprecated, and will be removed in a future version of pytorch. It currently rounds toward 0 (like the 'trunc' function NOT 'floor'). This results in incorrect rounding for negative values.
To keep the current behavior, use torch.div(a, b, rounding_mode='trunc'), or for actual floor division, use torch.div(a, b, rounding_mode='floor'). (Triggered internally at  /opt/conda/conda-bld/pytorch_1623448234945/work/aten/src/ATen/native/BinaryOps.cpp:467.)
  return torch.floor_divide(self, other)
Load checkpoint: pretrained/gmflow-scale2-regrefine6-mixdata-train320x576-4e7b215d.pth
77 images found
(414, 266, 3)
(414, 266, 3)
(414, 266, 3)
(414, 266, 3)
(414, 266, 3)
(414, 266, 3)
(414, 266, 3)
(414, 266, 3)
(414, 266, 3)
(414, 266, 3)
(414, 266, 3)
(414, 266, 3)
(414, 266, 3)
(414, 266, 3)
(414, 266, 3)
(414, 266, 3)
(414, 266, 3)
(414, 266, 3)
(414, 266, 3)
(414, 266, 3)
(414, 266, 3)
(414, 266, 3)
(414, 266, 3)
(414, 266, 3)
(414, 266, 3)
(414, 266, 3)
(414, 266, 3)
(414, 266, 3)
(414, 266, 3)
(414, 266, 3)
(414, 266, 3)
(414, 266, 3)
(414, 266, 3)
(414, 266, 3)
(414, 266, 3)
(414, 266, 3)
(414, 266, 3)
(414, 266, 3)
(414, 266, 3)
(414, 266, 3)
(414, 266, 3)
(414, 266, 3)
(414, 266, 3)
(414, 266, 3)
(414, 266, 3)
(414, 266, 3)
(414, 266, 3)
(414, 266, 3)
(414, 266, 3)
predicting 50/77
(414, 266, 3)
(414, 266, 3)
(414, 266, 3)
(414, 266, 3)
(414, 266, 3)
(414, 266, 3)
(414, 266, 3)
(414, 266, 3)
(414, 266, 3)
(414, 266, 3)
(414, 266, 3)
(414, 266, 3)
(414, 266, 3)
(414, 266, 3)
(414, 266, 3)
(414, 266, 3)
(414, 266, 3)
(414, 266, 3)
(414, 266, 3)
(414, 266, 3)
(414, 266, 3)
(414, 266, 3)
(414, 266, 3)
(414, 266, 3)
(414, 266, 3)
(414, 266, 3)
(414, 266, 3)
Done!
Load checkpoint: pretrained/gmflow-scale2-regrefine6-mixdata-train320x576-4e7b215d.pth
1711 images found
(414, 266, 3)
(414, 266, 3)
(414, 266, 3)
(414, 266, 3)
(414, 266, 3)
(414, 266, 3)
(414, 266, 3)
(414, 266, 3)
(414, 266, 3)
(414, 266, 3)
(414, 266, 3)
(414, 266, 3)
(414, 266, 3)
(414, 266, 3)
(414, 266, 3)
(414, 266, 3)
(414, 266, 3)
(414, 266, 3)
(414, 266, 3)
(414, 266, 3)
(414, 266, 3)
(414, 266, 3)
(414, 266, 3)
(414, 266, 3)
(414, 266, 3)
(414, 266, 3)
(414, 266, 3)
(414, 266, 3)
(414, 266, 3)
(414, 266, 3)
(414, 266, 3)
(414, 266, 3)
(414, 266, 3)
(414, 266, 3)
(414, 266, 3)
(414, 266, 3)
(414, 266, 3)
(414, 266, 3)
(414, 266, 3)
(414, 266, 3)
(414, 266, 3)
(414, 266, 3)
(414, 266, 3)
(414, 266, 3)
(414, 266, 3)
(414, 266, 3)
(414, 266, 3)
(414, 266, 3)
(414, 266, 3)
predicting 50/1711
(414, 266, 3)
(414, 266, 3)
(414, 266, 3)
(414, 266, 3)
(414, 266, 3)
(414, 266, 3)
(414, 266, 3)
(414, 266, 3)
(414, 266, 3)
(414, 266, 3)
(414, 266, 3)
(414, 266, 3)
(414, 266, 3)
(414, 266, 3)
(414, 266, 3)
(414, 266, 3)
(414, 266, 3)
(414, 266, 3)
(414, 266, 3)
(414, 266, 3)
(414, 266, 3)
(414, 266, 3)
(414, 266, 3)
(414, 266, 3)
(414, 266, 3)
(414, 266, 3)
(414, 266, 3)
(414, 266, 3)
(414, 266, 3)
(414, 266, 3)
(414, 266, 3)
(414, 266, 3)
(414, 266, 3)
(414, 266, 3)
(414, 266, 3)
(414, 266, 3)
(414, 266, 3)
(414, 266, 3)
(414, 266, 3)
(414, 266, 3)
(414, 266, 3)
(414, 266, 3)
(414, 266, 3)
(414, 266, 3)
(414, 266, 3)
(414, 266, 3)
(414, 266, 3)
(414, 266, 3)
(414, 266, 3)
(414, 266, 3)
predicting 100/1711
(414, 266, 3)
(414, 266, 3)
(414, 266, 3)
(414, 266, 3)
(414, 266, 3)
(414, 266, 3)
(414, 266, 3)
(414, 266, 3)
(414, 266, 3)
(414, 266, 3)
(414, 266, 3)
(414, 266, 3)
(414, 266, 3)
(414, 266, 3)
(414, 266, 3)
(414, 266, 3)
(414, 266, 3)
(414, 266, 3)
(414, 266, 3)
(414, 266, 3)
(414, 266, 3)
(414, 266, 3)
(414, 266, 3)
(414, 266, 3)
(414, 266, 3)
(414, 266, 3)
(414, 266, 3)
(414, 266, 3)
(414, 266, 3)
(414, 266, 3)
(414, 266, 3)
(414, 266, 3)
(414, 266, 3)
(414, 266, 3)
(414, 266, 3)
(414, 266, 3)
(414, 266, 3)
(414, 266, 3)
(414, 266, 3)
(414, 266, 3)
(414, 266, 3)
(414, 266, 3)
(414, 266, 3)
(414, 266, 3)
(414, 266, 3)
(414, 266, 3)
(414, 266, 3)
(414, 266, 3)
(414, 266, 3)
(414, 266, 3)
predicting 150/1711
(414, 266, 3)
(414, 266, 3)
(414, 266, 3)
(414, 266, 3)
(414, 266, 3)
(414, 266, 3)
(414, 266, 3)
(414, 266, 3)
(414, 266, 3)
(414, 266, 3)
(414, 266, 3)
(414, 266, 3)
(414, 266, 3)
(414, 266, 3)
(414, 266, 3)
(414, 266, 3)
(414, 266, 3)
(414, 266, 3)
(414, 266, 3)
(414, 266, 3)
(414, 266, 3)
(414, 266, 3)
(414, 266, 3)
(414, 266, 3)
(414, 266, 3)
(414, 266, 3)
(414, 266, 3)
(414, 266, 3)
(414, 266, 3)
(414, 266, 3)
(414, 266, 3)
(414, 266, 3)
(414, 266, 3)
(414, 266, 3)
(414, 266, 3)
(414, 266, 3)
(414, 266, 3)
(414, 266, 3)
(414, 266, 3)
(414, 266, 3)
(414, 266, 3)
(414, 266, 3)
(414, 266, 3)
(414, 266, 3)
(414, 266, 3)
(414, 266, 3)
(414, 266, 3)
(414, 266, 3)
(414, 266, 3)
(414, 266, 3)
predicting 200/1711
(414, 266, 3)
(414, 266, 3)
(414, 266, 3)
(414, 266, 3)
(414, 266, 3)
(414, 266, 3)
(414, 266, 3)
(414, 266, 3)
(414, 266, 3)
(414, 266, 3)
(414, 266, 3)
(414, 266, 3)
(414, 266, 3)
(414, 266, 3)
(414, 266, 3)
(414, 266, 3)
(414, 266, 3)
(414, 266, 3)
(414, 266, 3)
(414, 266, 3)
(414, 266, 3)
(414, 266, 3)
(414, 266, 3)
(414, 266, 3)
(414, 266, 3)
(414, 266, 3)
(414, 266, 3)
(414, 266, 3)
(414, 266, 3)
(414, 266, 3)
(414, 266, 3)
(414, 266, 3)
(414, 266, 3)
(414, 266, 3)
(414, 266, 3)
(414, 266, 3)
(414, 266, 3)
(414, 266, 3)
(414, 266, 3)
(414, 266, 3)
(414, 266, 3)
(414, 266, 3)
(414, 266, 3)
(414, 266, 3)
(414, 266, 3)
(414, 266, 3)
(414, 266, 3)
(414, 266, 3)
(414, 266, 3)
(414, 266, 3)
predicting 250/1711
(414, 266, 3)
(414, 266, 3)
(414, 266, 3)
(414, 266, 3)
(414, 266, 3)
(414, 266, 3)
(414, 266, 3)
(414, 266, 3)
(414, 266, 3)
(414, 266, 3)
(414, 266, 3)
(414, 266, 3)
(414, 266, 3)
(414, 266, 3)
(414, 266, 3)
(414, 266, 3)
(414, 266, 3)
(414, 266, 3)
(414, 266, 3)
(414, 266, 3)
(414, 266, 3)
(414, 266, 3)
(414, 266, 3)
(414, 266, 3)
(414, 266, 3)
(414, 266, 3)
(414, 266, 3)
(414, 266, 3)
(414, 266, 3)
(414, 266, 3)
(414, 266, 3)
(414, 266, 3)
(414, 266, 3)
(414, 266, 3)
(414, 266, 3)
(414, 266, 3)
(414, 266, 3)
(414, 266, 3)
(414, 266, 3)
(414, 266, 3)
(414, 266, 3)
(414, 266, 3)
(414, 266, 3)
(414, 266, 3)
(414, 266, 3)
(414, 266, 3)
(414, 266, 3)
(414, 266, 3)
(414, 266, 3)
(414, 266, 3)
predicting 300/1711
(414, 266, 3)
(414, 266, 3)
(414, 266, 3)
(414, 266, 3)
(414, 266, 3)
(414, 266, 3)
(414, 266, 3)
(414, 266, 3)
(414, 266, 3)
(414, 266, 3)
(414, 266, 3)
(414, 266, 3)
(414, 266, 3)
(414, 266, 3)
(414, 266, 3)
(414, 266, 3)
(414, 266, 3)
(414, 266, 3)
(414, 266, 3)
(414, 266, 3)
(414, 266, 3)
(414, 266, 3)
(414, 266, 3)
(414, 266, 3)
(414, 266, 3)
(414, 266, 3)
(414, 266, 3)
(414, 266, 3)
(414, 266, 3)
(414, 266, 3)
(414, 266, 3)
(414, 266, 3)
(414, 266, 3)
(414, 266, 3)
(414, 266, 3)
(414, 266, 3)
(414, 266, 3)
(414, 266, 3)
(414, 266, 3)
(414, 266, 3)
(414, 266, 3)
(414, 266, 3)
(414, 266, 3)
(414, 266, 3)
(414, 266, 3)
(414, 266, 3)
(414, 266, 3)
(414, 266, 3)
(414, 266, 3)
(414, 266, 3)
predicting 350/1711
(414, 266, 3)
(414, 266, 3)
(414, 266, 3)
(414, 266, 3)
(414, 266, 3)
(414, 266, 3)
(414, 266, 3)
(414, 266, 3)
(414, 266, 3)
(414, 266, 3)
(414, 266, 3)
(414, 266, 3)
(414, 266, 3)
(414, 266, 3)
(414, 266, 3)
(414, 266, 3)
(414, 266, 3)
(414, 266, 3)
(414, 266, 3)
(414, 266, 3)
(414, 266, 3)
(414, 266, 3)
(414, 266, 3)
(414, 266, 3)
(414, 266, 3)
(414, 266, 3)
(414, 266, 3)
(414, 266, 3)
(414, 266, 3)
(414, 266, 3)
(414, 266, 3)
(414, 266, 3)
(414, 266, 3)
(414, 266, 3)
(414, 266, 3)
(414, 266, 3)
(414, 266, 3)
(414, 266, 3)
(414, 266, 3)
(414, 266, 3)
(414, 266, 3)
(414, 266, 3)
(414, 266, 3)
(414, 266, 3)
(414, 266, 3)
(414, 266, 3)
(414, 266, 3)
(414, 266, 3)
(414, 266, 3)
(414, 266, 3)
predicting 400/1711
(414, 266, 3)
(414, 266, 3)
(414, 266, 3)
(414, 266, 3)
(414, 266, 3)
(414, 266, 3)
(414, 266, 3)
(414, 266, 3)
(414, 266, 3)
(414, 266, 3)
(414, 266, 3)
(414, 266, 3)
(414, 266, 3)
(414, 266, 3)
(414, 266, 3)
(414, 266, 3)
(414, 266, 3)
(414, 266, 3)
(414, 266, 3)
(414, 266, 3)
(414, 266, 3)
(414, 266, 3)
(414, 266, 3)
(414, 266, 3)
(414, 266, 3)
(414, 266, 3)
(414, 266, 3)
(414, 266, 3)
(414, 266, 3)
(414, 266, 3)
(414, 266, 3)
(414, 266, 3)
(414, 266, 3)
(414, 266, 3)
(414, 266, 3)
(414, 266, 3)
(414, 266, 3)
(414, 266, 3)
(414, 266, 3)
(414, 266, 3)
(414, 266, 3)
(414, 266, 3)
(414, 266, 3)
(414, 266, 3)
(414, 266, 3)
(414, 266, 3)
(414, 266, 3)
(414, 266, 3)
(414, 266, 3)
(414, 266, 3)
predicting 450/1711
(414, 266, 3)
(414, 266, 3)
(414, 266, 3)
(414, 266, 3)
(414, 266, 3)
(414, 266, 3)
(414, 266, 3)
(414, 266, 3)
(414, 266, 3)
(414, 266, 3)
(414, 266, 3)
(414, 266, 3)
(414, 266, 3)
(414, 266, 3)
(414, 266, 3)
(414, 266, 3)
(414, 266, 3)
(414, 266, 3)
(414, 266, 3)
(414, 266, 3)
(414, 266, 3)
(414, 266, 3)
(414, 266, 3)
(414, 266, 3)
(414, 266, 3)
(414, 266, 3)
(414, 266, 3)
(414, 266, 3)
(414, 266, 3)
(414, 266, 3)
(414, 266, 3)
(414, 266, 3)
(414, 266, 3)
(414, 266, 3)
(414, 266, 3)
(414, 266, 3)
(414, 266, 3)
(414, 266, 3)
(414, 266, 3)
(414, 266, 3)
(414, 266, 3)
(414, 266, 3)
(414, 266, 3)
(414, 266, 3)
(414, 266, 3)
(414, 266, 3)
(414, 266, 3)
(414, 266, 3)
(414, 266, 3)
(414, 266, 3)
predicting 500/1711
(414, 266, 3)
(414, 266, 3)
(414, 266, 3)
(414, 266, 3)
(414, 266, 3)
(414, 266, 3)
(414, 266, 3)
(414, 266, 3)
(414, 266, 3)
(414, 266, 3)
(414, 266, 3)
(414, 266, 3)
(414, 266, 3)
(414, 266, 3)
(414, 266, 3)
(414, 266, 3)
(414, 266, 3)
(414, 266, 3)
(414, 266, 3)
(414, 266, 3)
(414, 266, 3)
(414, 266, 3)
(414, 266, 3)
(414, 266, 3)
(414, 266, 3)
(414, 266, 3)
(414, 266, 3)
(414, 266, 3)
(414, 266, 3)
(414, 266, 3)
(414, 266, 3)
(414, 266, 3)
(414, 266, 3)
(414, 266, 3)
(414, 266, 3)
(414, 266, 3)
(414, 266, 3)
(414, 266, 3)
(414, 266, 3)
(414, 266, 3)
(414, 266, 3)
(414, 266, 3)
(414, 266, 3)
(414, 266, 3)
(414, 266, 3)
(414, 266, 3)
(414, 266, 3)
(414, 266, 3)
(414, 266, 3)
(414, 266, 3)
predicting 550/1711
(414, 266, 3)
(414, 266, 3)
(414, 266, 3)
(414, 266, 3)
(414, 266, 3)
(414, 266, 3)
(414, 266, 3)
(414, 266, 3)
(414, 266, 3)
(414, 266, 3)
(414, 266, 3)
(414, 266, 3)
(414, 266, 3)
Load checkpoint: pretrained/gmflow-scale2-regrefine6-mixdata-train320x576-4e7b215d.pth
2028 images found
(414, 266, 3)
(414, 266, 3)
(414, 266, 3)
(414, 266, 3)
(414, 266, 3)
(414, 266, 3)
(414, 266, 3)
(414, 266, 3)
(414, 266, 3)
(414, 266, 3)
(414, 266, 3)
(414, 266, 3)
(414, 266, 3)
(414, 266, 3)
(414, 266, 3)
(414, 266, 3)
(414, 266, 3)
(414, 266, 3)
(414, 266, 3)
(414, 266, 3)
(414, 266, 3)
(414, 266, 3)
(414, 266, 3)
(414, 266, 3)
(414, 266, 3)
(414, 266, 3)
(414, 266, 3)
(414, 266, 3)
(414, 266, 3)
(414, 266, 3)
(414, 266, 3)
(414, 266, 3)
(414, 266, 3)
(414, 266, 3)
(414, 266, 3)
(414, 266, 3)
(414, 266, 3)
(414, 266, 3)
(414, 266, 3)
(414, 266, 3)
(414, 266, 3)
(414, 266, 3)
(414, 266, 3)
(414, 266, 3)
(414, 266, 3)
(414, 266, 3)
(414, 266, 3)
(414, 266, 3)
(414, 266, 3)
predicting 50/2028
(414, 266, 3)
(414, 266, 3)
(414, 266, 3)
(414, 266, 3)
(414, 266, 3)
(414, 266, 3)
(414, 266, 3)
(414, 266, 3)
(414, 266, 3)
(414, 266, 3)
(414, 266, 3)
(414, 266, 3)
(414, 266, 3)
(414, 266, 3)
(414, 266, 3)
(414, 266, 3)
(414, 266, 3)
(414, 266, 3)
(414, 266, 3)
(414, 266, 3)
(414, 266, 3)
(414, 266, 3)
(414, 266, 3)
(414, 266, 3)
(414, 266, 3)
(414, 266, 3)
(414, 266, 3)
(414, 266, 3)
(414, 266, 3)
(414, 266, 3)
(414, 266, 3)
(414, 266, 3)
(414, 266, 3)
(414, 266, 3)
(414, 266, 3)
(414, 266, 3)
(414, 266, 3)
(414, 266, 3)
(414, 266, 3)
(414, 266, 3)
(414, 266, 3)
(414, 266, 3)
(414, 266, 3)
(414, 266, 3)
(414, 266, 3)
(414, 266, 3)
(414, 266, 3)
(414, 266, 3)
(414, 266, 3)
(414, 266, 3)
predicting 100/2028
(414, 266, 3)
(414, 266, 3)
(414, 266, 3)
(414, 266, 3)
(414, 266, 3)
(414, 266, 3)
(414, 266, 3)
(414, 266, 3)
(414, 266, 3)
(414, 266, 3)
(414, 266, 3)
(414, 266, 3)
(414, 266, 3)
(414, 266, 3)
(414, 266, 3)
(414, 266, 3)
(414, 266, 3)
(414, 266, 3)
(414, 266, 3)
(414, 266, 3)
(414, 266, 3)
(414, 266, 3)
(414, 266, 3)
(414, 266, 3)
(414, 266, 3)
(414, 266, 3)
(414, 266, 3)
(414, 266, 3)
(414, 266, 3)
(414, 266, 3)
(414, 266, 3)
(414, 266, 3)
(414, 266, 3)
(414, 266, 3)
(414, 266, 3)
(414, 266, 3)
(414, 266, 3)
(414, 266, 3)
(414, 266, 3)
(414, 266, 3)
(414, 266, 3)
(414, 266, 3)
(414, 266, 3)
(414, 266, 3)
(414, 266, 3)
(414, 266, 3)
(414, 266, 3)
(414, 266, 3)
(414, 266, 3)
(414, 266, 3)
predicting 150/2028
(414, 266, 3)
(414, 266, 3)
(414, 266, 3)
(414, 266, 3)
(414, 266, 3)
(414, 266, 3)
(414, 266, 3)
(414, 266, 3)
(414, 266, 3)
(414, 266, 3)
(414, 266, 3)
(414, 266, 3)
(414, 266, 3)
(414, 266, 3)
(414, 266, 3)
(414, 266, 3)
(414, 266, 3)
(414, 266, 3)
(414, 266, 3)
(414, 266, 3)
(414, 266, 3)
(414, 266, 3)
(414, 266, 3)
(414, 266, 3)
(414, 266, 3)
(414, 266, 3)
(414, 266, 3)
(414, 266, 3)
(414, 266, 3)
(414, 266, 3)
(414, 266, 3)
(414, 266, 3)
(414, 266, 3)
(414, 266, 3)
(414, 266, 3)
(414, 266, 3)
(414, 266, 3)
(414, 266, 3)
(414, 266, 3)
(414, 266, 3)
(414, 266, 3)
(414, 266, 3)
(414, 266, 3)
(414, 266, 3)
(414, 266, 3)
(414, 266, 3)
(414, 266, 3)
(414, 266, 3)
(414, 266, 3)
(414, 266, 3)
predicting 200/2028
(414, 266, 3)
(414, 266, 3)
(414, 266, 3)
(414, 266, 3)
(414, 266, 3)
(414, 266, 3)
(414, 266, 3)
(414, 266, 3)
(414, 266, 3)
(414, 266, 3)
(414, 266, 3)
(414, 266, 3)
(414, 266, 3)
(414, 266, 3)
(414, 266, 3)
(414, 266, 3)
(414, 266, 3)
(414, 266, 3)
(414, 266, 3)
(414, 266, 3)
(414, 266, 3)
(414, 266, 3)
(414, 266, 3)
(414, 266, 3)
(414, 266, 3)
(414, 266, 3)
(414, 266, 3)
(414, 266, 3)
(414, 266, 3)
(414, 266, 3)
(414, 266, 3)
(414, 266, 3)
(414, 266, 3)
(414, 266, 3)
(414, 266, 3)
(414, 266, 3)
(414, 266, 3)
(414, 266, 3)
(414, 266, 3)
(414, 266, 3)
(414, 266, 3)
(414, 266, 3)
(414, 266, 3)
(414, 266, 3)
(414, 266, 3)
(414, 266, 3)
(414, 266, 3)
(414, 266, 3)
(414, 266, 3)
(414, 266, 3)
predicting 250/2028
(414, 266, 3)
(414, 266, 3)
(414, 266, 3)
(414, 266, 3)
(414, 266, 3)
(414, 266, 3)
(414, 266, 3)
(414, 266, 3)
(414, 266, 3)
(414, 266, 3)
(414, 266, 3)
(414, 266, 3)
(414, 266, 3)
(414, 266, 3)
(414, 266, 3)
(414, 266, 3)
(414, 266, 3)
(414, 266, 3)
(414, 266, 3)
(414, 266, 3)
(414, 266, 3)
(414, 266, 3)
(414, 266, 3)
(414, 266, 3)
(414, 266, 3)
(414, 266, 3)
(414, 266, 3)
(414, 266, 3)
(414, 266, 3)
(414, 266, 3)
(414, 266, 3)
(414, 266, 3)
(414, 266, 3)
(414, 266, 3)
(414, 266, 3)
(414, 266, 3)
(414, 266, 3)
(414, 266, 3)
(414, 266, 3)
(414, 266, 3)
(414, 266, 3)
(414, 266, 3)
(414, 266, 3)
(414, 266, 3)
(414, 266, 3)
(414, 266, 3)
(414, 266, 3)
(414, 266, 3)
(414, 266, 3)
(414, 266, 3)
predicting 300/2028
(414, 266, 3)
(414, 266, 3)
(414, 266, 3)
(414, 266, 3)
(414, 266, 3)
(414, 266, 3)
(414, 266, 3)
(414, 266, 3)
(414, 266, 3)
(414, 266, 3)
(414, 266, 3)
(414, 266, 3)
(414, 266, 3)
(414, 266, 3)
(414, 266, 3)
(414, 266, 3)
(414, 266, 3)
(414, 266, 3)
(414, 266, 3)
(414, 266, 3)
(414, 266, 3)
(414, 266, 3)
(414, 266, 3)
(414, 266, 3)
(414, 266, 3)
(414, 266, 3)
(414, 266, 3)
(414, 266, 3)
(414, 266, 3)
(414, 266, 3)
(414, 266, 3)
(414, 266, 3)
(414, 266, 3)
(414, 266, 3)
(414, 266, 3)
(414, 266, 3)
(414, 266, 3)
(414, 266, 3)
(414, 266, 3)
(414, 266, 3)
(414, 266, 3)
(414, 266, 3)
(414, 266, 3)
(414, 266, 3)
(414, 266, 3)
(414, 266, 3)
(414, 266, 3)
(414, 266, 3)
(414, 266, 3)
(414, 266, 3)
predicting 350/2028
(414, 266, 3)
(414, 266, 3)
(414, 266, 3)
(414, 266, 3)
(414, 266, 3)
(414, 266, 3)
(414, 266, 3)
(414, 266, 3)
(414, 266, 3)
(414, 266, 3)
(414, 266, 3)
(414, 266, 3)
(414, 266, 3)
(414, 266, 3)
(414, 266, 3)
(414, 266, 3)
(414, 266, 3)
(414, 266, 3)
(414, 266, 3)
(414, 266, 3)
(414, 266, 3)
(414, 266, 3)
(414, 266, 3)
(414, 266, 3)
(414, 266, 3)
(414, 266, 3)
(414, 266, 3)
(414, 266, 3)
(414, 266, 3)
(414, 266, 3)
(414, 266, 3)
(414, 266, 3)
(414, 266, 3)
(414, 266, 3)
(414, 266, 3)
(414, 266, 3)
(414, 266, 3)
(414, 266, 3)
(414, 266, 3)
(414, 266, 3)
(414, 266, 3)
(414, 266, 3)
(414, 266, 3)
(414, 266, 3)
(414, 266, 3)
(414, 266, 3)
(414, 266, 3)
(414, 266, 3)
(414, 266, 3)
(414, 266, 3)
predicting 400/2028
(414, 266, 3)
(414, 266, 3)
(414, 266, 3)
(414, 266, 3)
(414, 266, 3)
(414, 266, 3)
(414, 266, 3)
(414, 266, 3)
(414, 266, 3)
(414, 266, 3)
(414, 266, 3)
(414, 266, 3)
(414, 266, 3)
(414, 266, 3)
(414, 266, 3)
(414, 266, 3)
(414, 266, 3)
(414, 266, 3)
(414, 266, 3)
(414, 266, 3)
(414, 266, 3)
(414, 266, 3)
(414, 266, 3)
(414, 266, 3)
(414, 266, 3)
(414, 266, 3)
(414, 266, 3)
(414, 266, 3)
(414, 266, 3)
(414, 266, 3)
(414, 266, 3)
(414, 266, 3)
(414, 266, 3)
(414, 266, 3)
(414, 266, 3)
(414, 266, 3)
(414, 266, 3)
(414, 266, 3)
(414, 266, 3)
(414, 266, 3)
(414, 266, 3)
(414, 266, 3)
(414, 266, 3)
(414, 266, 3)
(414, 266, 3)
(414, 266, 3)
(414, 266, 3)
(414, 266, 3)
(414, 266, 3)
(414, 266, 3)
predicting 450/2028
(414, 266, 3)
(414, 266, 3)
(414, 266, 3)
(414, 266, 3)
(414, 266, 3)
(414, 266, 3)
(414, 266, 3)
(414, 266, 3)
(414, 266, 3)
(414, 266, 3)
(414, 266, 3)
(414, 266, 3)
(414, 266, 3)
(414, 266, 3)
(414, 266, 3)
(414, 266, 3)
(414, 266, 3)
(414, 266, 3)
(414, 266, 3)
(414, 266, 3)
(414, 266, 3)
(414, 266, 3)
(414, 266, 3)
(414, 266, 3)
(414, 266, 3)
(414, 266, 3)
(414, 266, 3)
(414, 266, 3)
(414, 266, 3)
(414, 266, 3)
(414, 266, 3)
(414, 266, 3)
(414, 266, 3)
(414, 266, 3)
(414, 266, 3)
(414, 266, 3)
(414, 266, 3)
(414, 266, 3)
(414, 266, 3)
(414, 266, 3)
(414, 266, 3)
(414, 266, 3)
(414, 266, 3)
(414, 266, 3)
(414, 266, 3)
(414, 266, 3)
(414, 266, 3)
(414, 266, 3)
(414, 266, 3)
(414, 266, 3)
predicting 500/2028
(414, 266, 3)
(414, 266, 3)
(414, 266, 3)
(414, 266, 3)
(414, 266, 3)
(414, 266, 3)
(414, 266, 3)
(414, 266, 3)
(414, 266, 3)
(414, 266, 3)
(414, 266, 3)
(414, 266, 3)
(414, 266, 3)
(414, 266, 3)
(414, 266, 3)
(414, 266, 3)
(414, 266, 3)
(414, 266, 3)
(414, 266, 3)
(414, 266, 3)
(414, 266, 3)
(414, 266, 3)
(414, 266, 3)
(414, 266, 3)
(414, 266, 3)
(414, 266, 3)
(414, 266, 3)
(414, 266, 3)
(414, 266, 3)
(414, 266, 3)
(414, 266, 3)
(414, 266, 3)
(414, 266, 3)
(414, 266, 3)
(414, 266, 3)
(414, 266, 3)
(414, 266, 3)
(414, 266, 3)
(414, 266, 3)
(414, 266, 3)
(414, 266, 3)
(414, 266, 3)
(414, 266, 3)
(414, 266, 3)
(414, 266, 3)
(414, 266, 3)
(414, 266, 3)
(414, 266, 3)
(414, 266, 3)
(414, 266, 3)
predicting 550/2028
(414, 266, 3)
(414, 266, 3)
(414, 266, 3)
(414, 266, 3)
(414, 266, 3)
(414, 266, 3)
(414, 266, 3)
(414, 266, 3)
(414, 266, 3)
(414, 266, 3)
(414, 266, 3)
(414, 266, 3)
(414, 266, 3)
(414, 266, 3)
(414, 266, 3)
(414, 266, 3)
(414, 266, 3)
(414, 266, 3)
(414, 266, 3)
(414, 266, 3)
(414, 266, 3)
(414, 266, 3)
(414, 266, 3)
(414, 266, 3)
(414, 266, 3)
(414, 266, 3)
(414, 266, 3)
(414, 266, 3)
(414, 266, 3)
(414, 266, 3)
(414, 266, 3)
(414, 266, 3)
(414, 266, 3)
(414, 266, 3)
(414, 266, 3)
(414, 266, 3)
(414, 266, 3)
(414, 266, 3)
(414, 266, 3)
(414, 266, 3)
(414, 266, 3)
(414, 266, 3)
(414, 266, 3)
(414, 266, 3)
(414, 266, 3)
(414, 266, 3)
(414, 266, 3)
(414, 266, 3)
(414, 266, 3)
(414, 266, 3)
predicting 600/2028
(414, 266, 3)
(414, 266, 3)
(414, 266, 3)
(414, 266, 3)
(414, 266, 3)
(414, 266, 3)
(414, 266, 3)
(414, 266, 3)
(414, 266, 3)
(414, 266, 3)
(414, 266, 3)
(414, 266, 3)
(414, 266, 3)
(414, 266, 3)
(414, 266, 3)
(414, 266, 3)
(414, 266, 3)
(414, 266, 3)
(414, 266, 3)
(414, 266, 3)
(414, 266, 3)
(414, 266, 3)
(414, 266, 3)
(414, 266, 3)
(414, 266, 3)
(414, 266, 3)
(414, 266, 3)
(414, 266, 3)
(414, 266, 3)
(414, 266, 3)
(414, 266, 3)
(414, 266, 3)
(414, 266, 3)
(414, 266, 3)
(414, 266, 3)
(414, 266, 3)
(414, 266, 3)
(414, 266, 3)
(414, 266, 3)
(414, 266, 3)
(414, 266, 3)
(414, 266, 3)
(414, 266, 3)
(414, 266, 3)
(414, 266, 3)
(414, 266, 3)
(414, 266, 3)
(414, 266, 3)
(414, 266, 3)
(414, 266, 3)
predicting 650/2028
(414, 266, 3)
(414, 266, 3)
(414, 266, 3)
(414, 266, 3)
(414, 266, 3)
(414, 266, 3)
(414, 266, 3)
(414, 266, 3)
(414, 266, 3)
(414, 266, 3)
(414, 266, 3)
(414, 266, 3)
(414, 266, 3)
(414, 266, 3)
(414, 266, 3)
(414, 266, 3)
(414, 266, 3)
(414, 266, 3)
(414, 266, 3)
(414, 266, 3)
(414, 266, 3)
(414, 266, 3)
(414, 266, 3)
(414, 266, 3)
(414, 266, 3)
(414, 266, 3)
(414, 266, 3)
(414, 266, 3)
(414, 266, 3)
(414, 266, 3)
(414, 266, 3)
(414, 266, 3)
(414, 266, 3)
(414, 266, 3)
(414, 266, 3)
(414, 266, 3)
(414, 266, 3)
(414, 266, 3)
(414, 266, 3)
(414, 266, 3)
(414, 266, 3)
(414, 266, 3)
(414, 266, 3)
(414, 266, 3)
(414, 266, 3)
(414, 266, 3)
(414, 266, 3)
(414, 266, 3)
(414, 266, 3)
(414, 266, 3)
predicting 700/2028
(414, 266, 3)
(414, 266, 3)
(414, 266, 3)
(414, 266, 3)
(414, 266, 3)
(414, 266, 3)
(414, 266, 3)
(414, 266, 3)
(414, 266, 3)
(414, 266, 3)
(414, 266, 3)
(414, 266, 3)
(414, 266, 3)
(414, 266, 3)
(414, 266, 3)
(414, 266, 3)
(414, 266, 3)
(414, 266, 3)
(414, 266, 3)
(414, 266, 3)
(414, 266, 3)
(414, 266, 3)
(414, 266, 3)
(414, 266, 3)
(414, 266, 3)
(414, 266, 3)
(414, 266, 3)
(414, 266, 3)
(414, 266, 3)
(414, 266, 3)
(414, 266, 3)
(414, 266, 3)
(414, 266, 3)
(414, 266, 3)
(414, 266, 3)
(414, 266, 3)
(414, 266, 3)
(414, 266, 3)
(414, 266, 3)
(414, 266, 3)
(414, 266, 3)
(414, 266, 3)
(414, 266, 3)
(414, 266, 3)
(414, 266, 3)
(414, 266, 3)
(414, 266, 3)
(414, 266, 3)
(414, 266, 3)
(414, 266, 3)
predicting 750/2028
(414, 266, 3)
(414, 266, 3)
(414, 266, 3)
(414, 266, 3)
(414, 266, 3)
(414, 266, 3)
(414, 266, 3)
(414, 266, 3)
(414, 266, 3)
(414, 266, 3)
(414, 266, 3)
(414, 266, 3)
(414, 266, 3)
(414, 266, 3)
(414, 266, 3)
(414, 266, 3)
(414, 266, 3)
(414, 266, 3)
(414, 266, 3)
(414, 266, 3)
(414, 266, 3)
(414, 266, 3)
(414, 266, 3)
(414, 266, 3)
(414, 266, 3)
(414, 266, 3)
(414, 266, 3)
(414, 266, 3)
(414, 266, 3)
(414, 266, 3)
(414, 266, 3)
(414, 266, 3)
(414, 266, 3)
(414, 266, 3)
(414, 266, 3)
(414, 266, 3)
(414, 266, 3)
(414, 266, 3)
(414, 266, 3)
(414, 266, 3)
(414, 266, 3)
(414, 266, 3)
(414, 266, 3)
(414, 266, 3)
(414, 266, 3)
(414, 266, 3)
(414, 266, 3)
(414, 266, 3)
(414, 266, 3)
(414, 266, 3)
predicting 800/2028
(414, 266, 3)
(414, 266, 3)
(414, 266, 3)
(414, 266, 3)
(414, 266, 3)
(414, 266, 3)
(414, 266, 3)
(414, 266, 3)
(414, 266, 3)
(414, 266, 3)
(414, 266, 3)
(414, 266, 3)
(414, 266, 3)
(414, 266, 3)
(414, 266, 3)
(414, 266, 3)
(414, 266, 3)
(414, 266, 3)
(414, 266, 3)
(414, 266, 3)
(414, 266, 3)
(414, 266, 3)
(414, 266, 3)
(414, 266, 3)
(414, 266, 3)
(414, 266, 3)
(414, 266, 3)
(414, 266, 3)
(414, 266, 3)
(414, 266, 3)
(414, 266, 3)
(414, 266, 3)
(414, 266, 3)
(414, 266, 3)
(414, 266, 3)
(414, 266, 3)
(414, 266, 3)
(414, 266, 3)
(414, 266, 3)
(414, 266, 3)
(414, 266, 3)
(414, 266, 3)
(414, 266, 3)
(414, 266, 3)
(414, 266, 3)
(414, 266, 3)
(414, 266, 3)
(414, 266, 3)
(414, 266, 3)
(414, 266, 3)
predicting 850/2028
(414, 266, 3)
(414, 266, 3)
(414, 266, 3)
(414, 266, 3)
(414, 266, 3)
(414, 266, 3)
(414, 266, 3)
(414, 266, 3)
(414, 266, 3)
(414, 266, 3)
(414, 266, 3)
(414, 266, 3)
(414, 266, 3)
(414, 266, 3)
(414, 266, 3)
(414, 266, 3)
(414, 266, 3)
(414, 266, 3)
(414, 266, 3)
(414, 266, 3)
(414, 266, 3)
(414, 266, 3)
(414, 266, 3)
(414, 266, 3)
(414, 266, 3)
(414, 266, 3)
(414, 266, 3)
(414, 266, 3)
(414, 266, 3)
(414, 266, 3)
(414, 266, 3)
(414, 266, 3)
(414, 266, 3)
(414, 266, 3)
(414, 266, 3)
(414, 266, 3)
(414, 266, 3)
(414, 266, 3)
(414, 266, 3)
(414, 266, 3)
(414, 266, 3)
(414, 266, 3)
(414, 266, 3)
(414, 266, 3)
(414, 266, 3)
(414, 266, 3)
(414, 266, 3)
(414, 266, 3)
(414, 266, 3)
(414, 266, 3)
predicting 900/2028
(414, 266, 3)
(414, 266, 3)
(414, 266, 3)
(414, 266, 3)
(414, 266, 3)
(414, 266, 3)
(414, 266, 3)
(414, 266, 3)
(414, 266, 3)
(414, 266, 3)
(414, 266, 3)
(414, 266, 3)
(414, 266, 3)
(414, 266, 3)
(414, 266, 3)
(414, 266, 3)
(414, 266, 3)
(414, 266, 3)
(414, 266, 3)
(414, 266, 3)
(414, 266, 3)
(414, 266, 3)
(414, 266, 3)
(414, 266, 3)
(414, 266, 3)
(414, 266, 3)
(414, 266, 3)
(414, 266, 3)
(414, 266, 3)
(414, 266, 3)
(414, 266, 3)
(414, 266, 3)
(414, 266, 3)
(414, 266, 3)
(414, 266, 3)
(414, 266, 3)
(414, 266, 3)
(414, 266, 3)
(414, 266, 3)
(414, 266, 3)
(414, 266, 3)
(414, 266, 3)
(414, 266, 3)
(414, 266, 3)
(414, 266, 3)
(414, 266, 3)
(414, 266, 3)
(414, 266, 3)
(414, 266, 3)
(414, 266, 3)
predicting 950/2028
(414, 266, 3)
(414, 266, 3)
(414, 266, 3)
(414, 266, 3)
(414, 266, 3)
(414, 266, 3)
(414, 266, 3)
(414, 266, 3)
(414, 266, 3)
(414, 266, 3)
(414, 266, 3)
(414, 266, 3)
(414, 266, 3)
(414, 266, 3)
(414, 266, 3)
(414, 266, 3)
(414, 266, 3)
(414, 266, 3)
(414, 266, 3)
(414, 266, 3)
(414, 266, 3)
(414, 266, 3)
(414, 266, 3)
(414, 266, 3)
(414, 266, 3)
(414, 266, 3)
(414, 266, 3)
(414, 266, 3)
(414, 266, 3)
(414, 266, 3)
(414, 266, 3)
(414, 266, 3)
(414, 266, 3)
(414, 266, 3)
(414, 266, 3)
(414, 266, 3)
(414, 266, 3)
(414, 266, 3)
(414, 266, 3)
(414, 266, 3)
(414, 266, 3)
(414, 266, 3)
(414, 266, 3)
(414, 266, 3)
(414, 266, 3)
(414, 266, 3)
(414, 266, 3)
(414, 266, 3)
(414, 266, 3)
(414, 266, 3)
predicting 1000/2028
(414, 266, 3)
(414, 266, 3)
(414, 266, 3)
(414, 266, 3)
(414, 266, 3)
(414, 266, 3)
(414, 266, 3)
(414, 266, 3)
(414, 266, 3)
(414, 266, 3)
(414, 266, 3)
(414, 266, 3)
(414, 266, 3)
(414, 266, 3)
(414, 266, 3)
(414, 266, 3)
(414, 266, 3)
(414, 266, 3)
(414, 266, 3)
(414, 266, 3)
(414, 266, 3)
(414, 266, 3)
(414, 266, 3)
(414, 266, 3)
(414, 266, 3)
(414, 266, 3)
(414, 266, 3)
(414, 266, 3)
(414, 266, 3)
(414, 266, 3)
(414, 266, 3)
(414, 266, 3)
(414, 266, 3)
(414, 266, 3)
(414, 266, 3)
(414, 266, 3)
(414, 266, 3)
(414, 266, 3)
(414, 266, 3)
(414, 266, 3)
(414, 266, 3)
(414, 266, 3)
(414, 266, 3)
(414, 266, 3)
(414, 266, 3)
(414, 266, 3)
(414, 266, 3)
(414, 266, 3)
(414, 266, 3)
(414, 266, 3)
predicting 1050/2028
(414, 266, 3)
(414, 266, 3)
(414, 266, 3)
(414, 266, 3)
(414, 266, 3)
(414, 266, 3)
(414, 266, 3)
(414, 266, 3)
(414, 266, 3)
(414, 266, 3)
(414, 266, 3)
(414, 266, 3)
(414, 266, 3)
(414, 266, 3)
(414, 266, 3)
(414, 266, 3)
(414, 266, 3)
(414, 266, 3)
(414, 266, 3)
(414, 266, 3)
(414, 266, 3)
(414, 266, 3)
(414, 266, 3)
(414, 266, 3)
(414, 266, 3)
(414, 266, 3)
(414, 266, 3)
(414, 266, 3)
(414, 266, 3)
(414, 266, 3)
(414, 266, 3)
(414, 266, 3)
(414, 266, 3)
(414, 266, 3)
(414, 266, 3)
(414, 266, 3)
(414, 266, 3)
(414, 266, 3)
(414, 266, 3)
(414, 266, 3)
(414, 266, 3)
(414, 266, 3)
(414, 266, 3)
(414, 266, 3)
(414, 266, 3)
(414, 266, 3)
(414, 266, 3)
(414, 266, 3)
(414, 266, 3)
(414, 266, 3)
predicting 1100/2028
(414, 266, 3)
(414, 266, 3)
(414, 266, 3)
(414, 266, 3)
(414, 266, 3)
(414, 266, 3)
(414, 266, 3)
(414, 266, 3)
(414, 266, 3)
(414, 266, 3)
(414, 266, 3)
(414, 266, 3)
(414, 266, 3)
(414, 266, 3)
(414, 266, 3)
(414, 266, 3)
(414, 266, 3)
(414, 266, 3)
(414, 266, 3)
(414, 266, 3)
(414, 266, 3)
(414, 266, 3)
(414, 266, 3)
(414, 266, 3)
(414, 266, 3)
(414, 266, 3)
(414, 266, 3)
(414, 266, 3)
(414, 266, 3)
(414, 266, 3)
(414, 266, 3)
(414, 266, 3)
(414, 266, 3)
(414, 266, 3)
(414, 266, 3)
(414, 266, 3)
(414, 266, 3)
(414, 266, 3)
(414, 266, 3)
(414, 266, 3)
(414, 266, 3)
(414, 266, 3)
(414, 266, 3)
(414, 266, 3)
(414, 266, 3)
(414, 266, 3)
(414, 266, 3)
(414, 266, 3)
(414, 266, 3)
(414, 266, 3)
(414, 266, 3)
(414, 266, 3)
(414, 266, 3)
(414, 266, 3)
(414, 266, 3)
(414, 266, 3)
(414, 266, 3)
(414, 266, 3)
(414, 266, 3)
(414, 266, 3)
(414, 266, 3)
(414, 266, 3)
(414, 266, 3)
(414, 266, 3)
(414, 266, 3)
(414, 266, 3)
(414, 266, 3)
(414, 266, 3)
(414, 266, 3)
predicting 600/1711
(414, 266, 3)
(414, 266, 3)
(414, 266, 3)
(414, 266, 3)
(414, 266, 3)
(414, 266, 3)
(414, 266, 3)
(414, 266, 3)
(414, 266, 3)
(414, 266, 3)
(414, 266, 3)
(414, 266, 3)
(414, 266, 3)
(414, 266, 3)
(414, 266, 3)
(414, 266, 3)
(414, 266, 3)
(414, 266, 3)
(414, 266, 3)
(414, 266, 3)
(414, 266, 3)
(414, 266, 3)
(414, 266, 3)
(414, 266, 3)
(414, 266, 3)
(414, 266, 3)
(414, 266, 3)
(414, 266, 3)
(414, 266, 3)
(414, 266, 3)
(414, 266, 3)
(414, 266, 3)
(414, 266, 3)
(414, 266, 3)
(414, 266, 3)
(414, 266, 3)
(414, 266, 3)
(414, 266, 3)
(414, 266, 3)
(414, 266, 3)
(414, 266, 3)
(414, 266, 3)
(414, 266, 3)
(414, 266, 3)
(414, 266, 3)
(414, 266, 3)
(414, 266, 3)
(414, 266, 3)
(414, 266, 3)
(414, 266, 3)
predicting 650/1711
(414, 266, 3)
(414, 266, 3)
(414, 266, 3)
(414, 266, 3)
(414, 266, 3)
(414, 266, 3)
(414, 266, 3)
(414, 266, 3)
(414, 266, 3)
(414, 266, 3)
(414, 266, 3)
(414, 266, 3)
(414, 266, 3)
(414, 266, 3)
(414, 266, 3)
(414, 266, 3)
(414, 266, 3)
(414, 266, 3)
(414, 266, 3)
(414, 266, 3)
(414, 266, 3)
(414, 266, 3)
(414, 266, 3)
(414, 266, 3)
(414, 266, 3)
(414, 266, 3)
(414, 266, 3)
(414, 266, 3)
(414, 266, 3)
(414, 266, 3)
(414, 266, 3)
(414, 266, 3)
(414, 266, 3)
(414, 266, 3)
(414, 266, 3)
(414, 266, 3)
(414, 266, 3)
(414, 266, 3)
(414, 266, 3)
(414, 266, 3)
(414, 266, 3)
(414, 266, 3)
(414, 266, 3)
(414, 266, 3)
(414, 266, 3)
(414, 266, 3)
(414, 266, 3)
(414, 266, 3)
(414, 266, 3)
(414, 266, 3)
predicting 700/1711
(414, 266, 3)
(414, 266, 3)
(414, 266, 3)
(414, 266, 3)
(414, 266, 3)
(414, 266, 3)
(414, 266, 3)
(414, 266, 3)
(414, 266, 3)
(414, 266, 3)
(414, 266, 3)
(414, 266, 3)
(414, 266, 3)
(414, 266, 3)
(414, 266, 3)
(414, 266, 3)
(414, 266, 3)
(414, 266, 3)
(414, 266, 3)
(414, 266, 3)
(414, 266, 3)
(414, 266, 3)
(414, 266, 3)
(414, 266, 3)
(414, 266, 3)
(414, 266, 3)
(414, 266, 3)
(414, 266, 3)
(414, 266, 3)
(414, 266, 3)
(414, 266, 3)
(414, 266, 3)
(414, 266, 3)
(414, 266, 3)
(414, 266, 3)
(414, 266, 3)
(414, 266, 3)
(414, 266, 3)
(414, 266, 3)
(414, 266, 3)
(414, 266, 3)
(414, 266, 3)
(414, 266, 3)
(414, 266, 3)
(414, 266, 3)
(414, 266, 3)
(414, 266, 3)
(414, 266, 3)
(414, 266, 3)
(414, 266, 3)
predicting 750/1711
(414, 266, 3)
(414, 266, 3)
(414, 266, 3)
(414, 266, 3)
(414, 266, 3)
(414, 266, 3)
(414, 266, 3)
(414, 266, 3)
(414, 266, 3)
(414, 266, 3)
(414, 266, 3)
(414, 266, 3)
(414, 266, 3)
(414, 266, 3)
(414, 266, 3)
(414, 266, 3)
(414, 266, 3)
(414, 266, 3)
(414, 266, 3)
(414, 266, 3)
(414, 266, 3)
(414, 266, 3)
(414, 266, 3)
(414, 266, 3)
(414, 266, 3)
(414, 266, 3)
(414, 266, 3)
(414, 266, 3)
(414, 266, 3)
(414, 266, 3)
(414, 266, 3)
(414, 266, 3)
(414, 266, 3)
(414, 266, 3)
(414, 266, 3)
(414, 266, 3)
(414, 266, 3)
(414, 266, 3)
(414, 266, 3)
(414, 266, 3)
(414, 266, 3)
(414, 266, 3)
(414, 266, 3)
(414, 266, 3)
(414, 266, 3)
(414, 266, 3)
(414, 266, 3)
(414, 266, 3)
(414, 266, 3)
(414, 266, 3)
predicting 800/1711
(414, 266, 3)
(414, 266, 3)
(414, 266, 3)
(414, 266, 3)
(414, 266, 3)
(414, 266, 3)
(414, 266, 3)
(414, 266, 3)
(414, 266, 3)
(414, 266, 3)
(414, 266, 3)
(414, 266, 3)
(414, 266, 3)
(414, 266, 3)
(414, 266, 3)
(414, 266, 3)
(414, 266, 3)
(414, 266, 3)
(414, 266, 3)
(414, 266, 3)
(414, 266, 3)
(414, 266, 3)
(414, 266, 3)
(414, 266, 3)
(414, 266, 3)
(414, 266, 3)
(414, 266, 3)
(414, 266, 3)
(414, 266, 3)
(414, 266, 3)
(414, 266, 3)
(414, 266, 3)
(414, 266, 3)
(414, 266, 3)
(414, 266, 3)
(414, 266, 3)
(414, 266, 3)
(414, 266, 3)
(414, 266, 3)
(414, 266, 3)
(414, 266, 3)
(414, 266, 3)
(414, 266, 3)
(414, 266, 3)
(414, 266, 3)
(414, 266, 3)
(414, 266, 3)
(414, 266, 3)
(414, 266, 3)
(414, 266, 3)
predicting 850/1711
(414, 266, 3)
(414, 266, 3)
(414, 266, 3)
(414, 266, 3)
(414, 266, 3)
(414, 266, 3)
(414, 266, 3)
(414, 266, 3)
(414, 266, 3)
(414, 266, 3)
(414, 266, 3)
(414, 266, 3)
(414, 266, 3)
(414, 266, 3)
(414, 266, 3)
(414, 266, 3)
(414, 266, 3)
(414, 266, 3)
(414, 266, 3)
(414, 266, 3)
(414, 266, 3)
(414, 266, 3)
(414, 266, 3)
(414, 266, 3)
(414, 266, 3)
(414, 266, 3)
(414, 266, 3)
(414, 266, 3)
(414, 266, 3)
(414, 266, 3)
(414, 266, 3)
(414, 266, 3)
(414, 266, 3)
(414, 266, 3)
(414, 266, 3)
(414, 266, 3)
(414, 266, 3)
(414, 266, 3)
(414, 266, 3)
(414, 266, 3)
(414, 266, 3)
(414, 266, 3)
(414, 266, 3)
(414, 266, 3)
(414, 266, 3)
(414, 266, 3)
(414, 266, 3)
(414, 266, 3)
(414, 266, 3)
(414, 266, 3)
predicting 900/1711
(414, 266, 3)
(414, 266, 3)
(414, 266, 3)
(414, 266, 3)
(414, 266, 3)
(414, 266, 3)
(414, 266, 3)
(414, 266, 3)
(414, 266, 3)
(414, 266, 3)
(414, 266, 3)
(414, 266, 3)
(414, 266, 3)
(414, 266, 3)
(414, 266, 3)
(414, 266, 3)
(414, 266, 3)
(414, 266, 3)
(414, 266, 3)
(414, 266, 3)
(414, 266, 3)
(414, 266, 3)
(414, 266, 3)
(414, 266, 3)
(414, 266, 3)
(414, 266, 3)
(414, 266, 3)
(414, 266, 3)
(414, 266, 3)
(414, 266, 3)
(414, 266, 3)
(414, 266, 3)
(414, 266, 3)
(414, 266, 3)
(414, 266, 3)
(414, 266, 3)
(414, 266, 3)
(414, 266, 3)
(414, 266, 3)
(414, 266, 3)
(414, 266, 3)
(414, 266, 3)
(414, 266, 3)
(414, 266, 3)
(414, 266, 3)
(414, 266, 3)
(414, 266, 3)
(414, 266, 3)
(414, 266, 3)
(414, 266, 3)
predicting 950/1711
(414, 266, 3)
(414, 266, 3)
(414, 266, 3)
(414, 266, 3)
(414, 266, 3)
(414, 266, 3)
(414, 266, 3)
(414, 266, 3)
(414, 266, 3)
(414, 266, 3)
(414, 266, 3)
(414, 266, 3)
(414, 266, 3)
(414, 266, 3)
(414, 266, 3)
(414, 266, 3)
(414, 266, 3)
(414, 266, 3)
(414, 266, 3)
(414, 266, 3)
(414, 266, 3)
(414, 266, 3)
(414, 266, 3)
(414, 266, 3)
(414, 266, 3)
(414, 266, 3)
(414, 266, 3)
(414, 266, 3)
(414, 266, 3)
(414, 266, 3)
(414, 266, 3)
(414, 266, 3)
(414, 266, 3)
(414, 266, 3)
(414, 266, 3)
(414, 266, 3)
(414, 266, 3)
(414, 266, 3)
(414, 266, 3)
(414, 266, 3)
(414, 266, 3)
(414, 266, 3)
(414, 266, 3)
(414, 266, 3)
(414, 266, 3)
(414, 266, 3)
(414, 266, 3)
(414, 266, 3)
(414, 266, 3)
(414, 266, 3)
predicting 1000/1711
(414, 266, 3)
(414, 266, 3)
(414, 266, 3)
(414, 266, 3)
(414, 266, 3)
(414, 266, 3)
(414, 266, 3)
(414, 266, 3)
(414, 266, 3)
(414, 266, 3)
(414, 266, 3)
(414, 266, 3)
(414, 266, 3)
(414, 266, 3)
(414, 266, 3)
(414, 266, 3)
(414, 266, 3)
(414, 266, 3)
(414, 266, 3)
(414, 266, 3)
(414, 266, 3)
(414, 266, 3)
(414, 266, 3)
(414, 266, 3)
(414, 266, 3)
(414, 266, 3)
(414, 266, 3)
(414, 266, 3)
(414, 266, 3)
(414, 266, 3)
(414, 266, 3)
(414, 266, 3)
(414, 266, 3)
(414, 266, 3)
(414, 266, 3)
(414, 266, 3)
(414, 266, 3)
(414, 266, 3)
(414, 266, 3)
(414, 266, 3)
(414, 266, 3)
(414, 266, 3)
(414, 266, 3)
(414, 266, 3)
(414, 266, 3)
(414, 266, 3)
(414, 266, 3)
(414, 266, 3)
(414, 266, 3)
(414, 266, 3)
predicting 1050/1711
(414, 266, 3)
(414, 266, 3)
(414, 266, 3)
(414, 266, 3)
(414, 266, 3)
(414, 266, 3)
(414, 266, 3)
(414, 266, 3)
(414, 266, 3)
(414, 266, 3)
(414, 266, 3)
(414, 266, 3)
(414, 266, 3)
(414, 266, 3)
(414, 266, 3)
(414, 266, 3)
(414, 266, 3)
(414, 266, 3)
(414, 266, 3)
(414, 266, 3)
(414, 266, 3)
(414, 266, 3)
(414, 266, 3)
(414, 266, 3)
(414, 266, 3)
(414, 266, 3)
(414, 266, 3)
(414, 266, 3)
(414, 266, 3)
(414, 266, 3)
(414, 266, 3)
(414, 266, 3)
(414, 266, 3)
(414, 266, 3)
(414, 266, 3)
(414, 266, 3)
(414, 266, 3)
(414, 266, 3)
(414, 266, 3)
(414, 266, 3)
(414, 266, 3)
(414, 266, 3)
(414, 266, 3)
(414, 266, 3)
(414, 266, 3)
(414, 266, 3)
(414, 266, 3)
(414, 266, 3)
(414, 266, 3)
(414, 266, 3)
predicting 1100/1711
(414, 266, 3)
(414, 266, 3)
(414, 266, 3)
(414, 266, 3)
(414, 266, 3)
(414, 266, 3)
(414, 266, 3)
(414, 266, 3)
(414, 266, 3)
(414, 266, 3)
(414, 266, 3)
(414, 266, 3)
(414, 266, 3)
(414, 266, 3)
(414, 266, 3)
(414, 266, 3)
(414, 266, 3)
(414, 266, 3)
(414, 266, 3)
(414, 266, 3)
(414, 266, 3)
(414, 266, 3)
(414, 266, 3)
(414, 266, 3)
(414, 266, 3)
(414, 266, 3)
(414, 266, 3)
(414, 266, 3)
(414, 266, 3)
(414, 266, 3)
(414, 266, 3)
(414, 266, 3)
(414, 266, 3)
(414, 266, 3)
(414, 266, 3)
(414, 266, 3)
(414, 266, 3)
(414, 266, 3)
(414, 266, 3)
(414, 266, 3)
(414, 266, 3)
(414, 266, 3)
(414, 266, 3)
(414, 266, 3)
(414, 266, 3)
(414, 266, 3)
(414, 266, 3)
(414, 266, 3)
(414, 266, 3)
(414, 266, 3)
predicting 1150/2028
(414, 266, 3)
(414, 266, 3)
(414, 266, 3)
(414, 266, 3)
(414, 266, 3)
(414, 266, 3)
(414, 266, 3)
(414, 266, 3)
(414, 266, 3)
(414, 266, 3)
(414, 266, 3)
(414, 266, 3)
(414, 266, 3)
(414, 266, 3)
(414, 266, 3)
(414, 266, 3)
(414, 266, 3)
(414, 266, 3)
(414, 266, 3)
(414, 266, 3)
(414, 266, 3)
(414, 266, 3)
(414, 266, 3)
(414, 266, 3)
(414, 266, 3)
(414, 266, 3)
(414, 266, 3)
(414, 266, 3)
(414, 266, 3)
(414, 266, 3)
(414, 266, 3)
(414, 266, 3)
(414, 266, 3)
(414, 266, 3)
(414, 266, 3)
(414, 266, 3)
(414, 266, 3)
(414, 266, 3)
(414, 266, 3)
(414, 266, 3)
(414, 266, 3)
(414, 266, 3)
(414, 266, 3)
(414, 266, 3)
(414, 266, 3)
(414, 266, 3)
(414, 266, 3)
(414, 266, 3)
(414, 266, 3)
(414, 266, 3)
predicting 1200/2028
(414, 266, 3)
(414, 266, 3)
(414, 266, 3)
(414, 266, 3)
(414, 266, 3)
(414, 266, 3)
(414, 266, 3)
(414, 266, 3)
(414, 266, 3)
(414, 266, 3)
(414, 266, 3)
(414, 266, 3)
(414, 266, 3)
(414, 266, 3)
(414, 266, 3)
(414, 266, 3)
(414, 266, 3)
(414, 266, 3)
(414, 266, 3)
(414, 266, 3)
(414, 266, 3)
(414, 266, 3)
(414, 266, 3)
(414, 266, 3)
(414, 266, 3)
(414, 266, 3)
(414, 266, 3)
(414, 266, 3)
(414, 266, 3)
(414, 266, 3)
(414, 266, 3)
(414, 266, 3)
(414, 266, 3)
(414, 266, 3)
(414, 266, 3)
(414, 266, 3)
(414, 266, 3)
(414, 266, 3)
(414, 266, 3)
(414, 266, 3)
(414, 266, 3)
(414, 266, 3)
(414, 266, 3)
(414, 266, 3)
(414, 266, 3)
(414, 266, 3)
(414, 266, 3)
(414, 266, 3)
(414, 266, 3)
(414, 266, 3)
predicting 1250/2028
(414, 266, 3)
(414, 266, 3)
(414, 266, 3)
(414, 266, 3)
(414, 266, 3)
(414, 266, 3)
(414, 266, 3)
(414, 266, 3)
(414, 266, 3)
(414, 266, 3)
(414, 266, 3)
(414, 266, 3)
(414, 266, 3)
(414, 266, 3)
(414, 266, 3)
(414, 266, 3)
(414, 266, 3)
(414, 266, 3)
(414, 266, 3)
(414, 266, 3)
(414, 266, 3)
(414, 266, 3)
(414, 266, 3)
(414, 266, 3)
(414, 266, 3)
(414, 266, 3)
(414, 266, 3)
(414, 266, 3)
(414, 266, 3)
(414, 266, 3)
(414, 266, 3)
(414, 266, 3)
(414, 266, 3)
(414, 266, 3)
(414, 266, 3)
(414, 266, 3)
(414, 266, 3)
(414, 266, 3)
(414, 266, 3)
(414, 266, 3)
(414, 266, 3)
(414, 266, 3)
(414, 266, 3)
(414, 266, 3)
(414, 266, 3)
(414, 266, 3)
(414, 266, 3)
(414, 266, 3)
(414, 266, 3)
(414, 266, 3)
predicting 1300/2028
(414, 266, 3)
(414, 266, 3)
(414, 266, 3)
(414, 266, 3)
(414, 266, 3)
(414, 266, 3)
(414, 266, 3)
(414, 266, 3)
(414, 266, 3)
(414, 266, 3)
(414, 266, 3)
(414, 266, 3)
(414, 266, 3)
(414, 266, 3)
(414, 266, 3)
(414, 266, 3)
(414, 266, 3)
(414, 266, 3)
(414, 266, 3)
(414, 266, 3)
(414, 266, 3)
(414, 266, 3)
(414, 266, 3)
(414, 266, 3)
(414, 266, 3)
(414, 266, 3)
(414, 266, 3)
(414, 266, 3)
(414, 266, 3)
(414, 266, 3)
(414, 266, 3)
(414, 266, 3)
(414, 266, 3)
(414, 266, 3)
(414, 266, 3)
(414, 266, 3)
(414, 266, 3)
(414, 266, 3)
(414, 266, 3)
(414, 266, 3)
(414, 266, 3)
(414, 266, 3)
(414, 266, 3)
(414, 266, 3)
(414, 266, 3)
(414, 266, 3)
(414, 266, 3)
(414, 266, 3)
(414, 266, 3)
(414, 266, 3)
predicting 1350/2028
(414, 266, 3)
(414, 266, 3)
(414, 266, 3)
(414, 266, 3)
(414, 266, 3)
(414, 266, 3)
(414, 266, 3)
(414, 266, 3)
(414, 266, 3)
(414, 266, 3)
(414, 266, 3)
(414, 266, 3)
(414, 266, 3)
(414, 266, 3)
(414, 266, 3)
(414, 266, 3)
(414, 266, 3)
(414, 266, 3)
(414, 266, 3)
(414, 266, 3)
(414, 266, 3)
(414, 266, 3)
(414, 266, 3)
(414, 266, 3)
(414, 266, 3)
(414, 266, 3)
(414, 266, 3)
(414, 266, 3)
(414, 266, 3)
(414, 266, 3)
(414, 266, 3)
(414, 266, 3)
(414, 266, 3)
(414, 266, 3)
(414, 266, 3)
(414, 266, 3)
(414, 266, 3)
(414, 266, 3)
(414, 266, 3)
(414, 266, 3)
(414, 266, 3)
(414, 266, 3)
(414, 266, 3)
(414, 266, 3)
(414, 266, 3)
(414, 266, 3)
(414, 266, 3)
(414, 266, 3)
(414, 266, 3)
(414, 266, 3)
predicting 1400/2028
(414, 266, 3)
(414, 266, 3)
(414, 266, 3)
(414, 266, 3)
(414, 266, 3)
(414, 266, 3)
(414, 266, 3)
(414, 266, 3)
(414, 266, 3)
(414, 266, 3)
(414, 266, 3)
(414, 266, 3)
(414, 266, 3)
(414, 266, 3)
(414, 266, 3)
(414, 266, 3)
(414, 266, 3)
(414, 266, 3)
(414, 266, 3)
(414, 266, 3)
(414, 266, 3)
(414, 266, 3)
(414, 266, 3)
(414, 266, 3)
(414, 266, 3)
(414, 266, 3)
(414, 266, 3)
(414, 266, 3)
(414, 266, 3)
(414, 266, 3)
(414, 266, 3)
(414, 266, 3)
(414, 266, 3)
(414, 266, 3)
(414, 266, 3)
(414, 266, 3)
(414, 266, 3)
(414, 266, 3)
(414, 266, 3)
(414, 266, 3)
(414, 266, 3)
(414, 266, 3)
(414, 266, 3)
(414, 266, 3)
(414, 266, 3)
(414, 266, 3)
(414, 266, 3)
(414, 266, 3)
(414, 266, 3)
(414, 266, 3)
predicting 1450/2028
(414, 266, 3)
(414, 266, 3)
(414, 266, 3)
(414, 266, 3)
(414, 266, 3)
(414, 266, 3)
(414, 266, 3)
(414, 266, 3)
(414, 266, 3)
(414, 266, 3)
(414, 266, 3)
(414, 266, 3)
(414, 266, 3)
(414, 266, 3)
(414, 266, 3)
(414, 266, 3)
(414, 266, 3)
(414, 266, 3)
(414, 266, 3)
(414, 266, 3)
(414, 266, 3)
(414, 266, 3)
(414, 266, 3)
(414, 266, 3)
(414, 266, 3)
(414, 266, 3)
(414, 266, 3)
(414, 266, 3)
(414, 266, 3)
(414, 266, 3)
(414, 266, 3)
(414, 266, 3)
(414, 266, 3)
(414, 266, 3)
(414, 266, 3)
(414, 266, 3)
(414, 266, 3)
(414, 266, 3)
(414, 266, 3)
(414, 266, 3)
(414, 266, 3)
(414, 266, 3)
(414, 266, 3)
(414, 266, 3)
(414, 266, 3)
(414, 266, 3)
(414, 266, 3)
(414, 266, 3)
(414, 266, 3)
(414, 266, 3)
predicting 1500/2028
(414, 266, 3)
(414, 266, 3)
(414, 266, 3)
(414, 266, 3)
(414, 266, 3)
(414, 266, 3)
(414, 266, 3)
(414, 266, 3)
(414, 266, 3)
(414, 266, 3)
(414, 266, 3)
(414, 266, 3)
(414, 266, 3)
(414, 266, 3)
(414, 266, 3)
(414, 266, 3)
(414, 266, 3)
(414, 266, 3)
(414, 266, 3)
(414, 266, 3)
(414, 266, 3)
(414, 266, 3)
(414, 266, 3)
(414, 266, 3)
(414, 266, 3)
(414, 266, 3)
(414, 266, 3)
(414, 266, 3)
(414, 266, 3)
(414, 266, 3)
(414, 266, 3)
(414, 266, 3)
(414, 266, 3)
(414, 266, 3)
(414, 266, 3)
(414, 266, 3)
(414, 266, 3)
(414, 266, 3)
(414, 266, 3)
(414, 266, 3)
(414, 266, 3)
(414, 266, 3)
(414, 266, 3)
(414, 266, 3)
(414, 266, 3)
(414, 266, 3)
(414, 266, 3)
(414, 266, 3)
(414, 266, 3)
(414, 266, 3)
predicting 1550/2028
(414, 266, 3)
(414, 266, 3)
(414, 266, 3)
(414, 266, 3)
(414, 266, 3)
(414, 266, 3)
(414, 266, 3)
(414, 266, 3)
(414, 266, 3)
(414, 266, 3)
(414, 266, 3)
(414, 266, 3)
(414, 266, 3)
(414, 266, 3)
(414, 266, 3)
(414, 266, 3)
(414, 266, 3)
(414, 266, 3)
(414, 266, 3)
(414, 266, 3)
(414, 266, 3)
(414, 266, 3)
(414, 266, 3)
(414, 266, 3)
(414, 266, 3)
(414, 266, 3)
(414, 266, 3)
(414, 266, 3)
(414, 266, 3)
(414, 266, 3)
(414, 266, 3)
(414, 266, 3)
(414, 266, 3)
(414, 266, 3)
(414, 266, 3)
(414, 266, 3)
(414, 266, 3)
(414, 266, 3)
(414, 266, 3)
(414, 266, 3)
(414, 266, 3)
(414, 266, 3)
(414, 266, 3)
(414, 266, 3)
(414, 266, 3)
(414, 266, 3)
(414, 266, 3)
(414, 266, 3)
(414, 266, 3)
(414, 266, 3)
predicting 1600/2028
(414, 266, 3)
(414, 266, 3)
(414, 266, 3)
(414, 266, 3)
(414, 266, 3)
(414, 266, 3)
(414, 266, 3)
(414, 266, 3)
(414, 266, 3)
(414, 266, 3)
(414, 266, 3)
(414, 266, 3)
(414, 266, 3)
(414, 266, 3)
(414, 266, 3)
(414, 266, 3)
(414, 266, 3)
(414, 266, 3)
(414, 266, 3)
(414, 266, 3)
(414, 266, 3)
(414, 266, 3)
(414, 266, 3)
(414, 266, 3)
(414, 266, 3)
(414, 266, 3)
(414, 266, 3)
(414, 266, 3)
(414, 266, 3)
(414, 266, 3)
(414, 266, 3)
(414, 266, 3)
(414, 266, 3)
(414, 266, 3)
(414, 266, 3)
(414, 266, 3)
(414, 266, 3)
(414, 266, 3)
(414, 266, 3)
(414, 266, 3)
(414, 266, 3)
(414, 266, 3)
(414, 266, 3)
(414, 266, 3)
(414, 266, 3)
(414, 266, 3)
(414, 266, 3)
(414, 266, 3)
(414, 266, 3)
(414, 266, 3)
predicting 1650/2028
(414, 266, 3)
(414, 266, 3)
(414, 266, 3)
(414, 266, 3)
(414, 266, 3)
(414, 266, 3)
(414, 266, 3)
(414, 266, 3)
(414, 266, 3)
(414, 266, 3)
(414, 266, 3)
(414, 266, 3)
(414, 266, 3)
(414, 266, 3)
(414, 266, 3)
(414, 266, 3)
(414, 266, 3)
(414, 266, 3)
(414, 266, 3)
(414, 266, 3)
(414, 266, 3)
(414, 266, 3)
(414, 266, 3)
(414, 266, 3)
(414, 266, 3)
(414, 266, 3)
(414, 266, 3)
(414, 266, 3)
(414, 266, 3)
(414, 266, 3)
(414, 266, 3)
(414, 266, 3)
(414, 266, 3)
(414, 266, 3)
(414, 266, 3)
(414, 266, 3)
(414, 266, 3)
(414, 266, 3)
(414, 266, 3)
(414, 266, 3)
(414, 266, 3)
(414, 266, 3)
(414, 266, 3)
(414, 266, 3)
(414, 266, 3)
(414, 266, 3)
(414, 266, 3)
(414, 266, 3)
(414, 266, 3)
(414, 266, 3)
(414, 266, 3)
(414, 266, 3)
(414, 266, 3)
(414, 266, 3)
(414, 266, 3)
(414, 266, 3)
(414, 266, 3)
(414, 266, 3)
(414, 266, 3)
(414, 266, 3)
(414, 266, 3)
(414, 266, 3)
(414, 266, 3)
(414, 266, 3)
(414, 266, 3)
(414, 266, 3)
(414, 266, 3)
(414, 266, 3)
predicting 1150/1711
(414, 266, 3)
(414, 266, 3)
(414, 266, 3)
(414, 266, 3)
(414, 266, 3)
(414, 266, 3)
(414, 266, 3)
(414, 266, 3)
(414, 266, 3)
(414, 266, 3)
(414, 266, 3)
(414, 266, 3)
(414, 266, 3)
(414, 266, 3)
(414, 266, 3)
(414, 266, 3)
(414, 266, 3)
(414, 266, 3)
(414, 266, 3)
(414, 266, 3)
(414, 266, 3)
(414, 266, 3)
(414, 266, 3)
(414, 266, 3)
(414, 266, 3)
(414, 266, 3)
(414, 266, 3)
(414, 266, 3)
(414, 266, 3)
(414, 266, 3)
(414, 266, 3)
(414, 266, 3)
(414, 266, 3)
(414, 266, 3)
(414, 266, 3)
(414, 266, 3)
(414, 266, 3)
(414, 266, 3)
(414, 266, 3)
(414, 266, 3)
(414, 266, 3)
(414, 266, 3)
(414, 266, 3)
(414, 266, 3)
(414, 266, 3)
(414, 266, 3)
(414, 266, 3)
(414, 266, 3)
(414, 266, 3)
(414, 266, 3)
predicting 1200/1711
(414, 266, 3)
(414, 266, 3)
(414, 266, 3)
(414, 266, 3)
(414, 266, 3)
(414, 266, 3)
(414, 266, 3)
(414, 266, 3)
(414, 266, 3)
(414, 266, 3)
(414, 266, 3)
(414, 266, 3)
(414, 266, 3)
(414, 266, 3)
(414, 266, 3)
(414, 266, 3)
(414, 266, 3)
(414, 266, 3)
(414, 266, 3)
(414, 266, 3)
(414, 266, 3)
(414, 266, 3)
(414, 266, 3)
(414, 266, 3)
(414, 266, 3)
(414, 266, 3)
(414, 266, 3)
(414, 266, 3)
(414, 266, 3)
(414, 266, 3)
(414, 266, 3)
(414, 266, 3)
(414, 266, 3)
(414, 266, 3)
(414, 266, 3)
(414, 266, 3)
(414, 266, 3)
(414, 266, 3)
(414, 266, 3)
(414, 266, 3)
(414, 266, 3)
(414, 266, 3)
(414, 266, 3)
(414, 266, 3)
(414, 266, 3)
(414, 266, 3)
(414, 266, 3)
(414, 266, 3)
(414, 266, 3)
(414, 266, 3)
predicting 1250/1711
(414, 266, 3)
(414, 266, 3)
(414, 266, 3)
(414, 266, 3)
(414, 266, 3)
(414, 266, 3)
(414, 266, 3)
(414, 266, 3)
(414, 266, 3)
(414, 266, 3)
(414, 266, 3)
(414, 266, 3)
(414, 266, 3)
(414, 266, 3)
(414, 266, 3)
(414, 266, 3)
(414, 266, 3)
(414, 266, 3)
(414, 266, 3)
(414, 266, 3)
(414, 266, 3)
(414, 266, 3)
(414, 266, 3)
(414, 266, 3)
(414, 266, 3)
(414, 266, 3)
(414, 266, 3)
(414, 266, 3)
(414, 266, 3)
(414, 266, 3)
(414, 266, 3)
(414, 266, 3)
(414, 266, 3)
(414, 266, 3)
(414, 266, 3)
(414, 266, 3)
(414, 266, 3)
(414, 266, 3)
(414, 266, 3)
(414, 266, 3)
(414, 266, 3)
(414, 266, 3)
(414, 266, 3)
(414, 266, 3)
(414, 266, 3)
(414, 266, 3)
(414, 266, 3)
(414, 266, 3)
(414, 266, 3)
(414, 266, 3)
predicting 1300/1711
(414, 266, 3)
(414, 266, 3)
(414, 266, 3)
(414, 266, 3)
(414, 266, 3)
(414, 266, 3)
(414, 266, 3)
(414, 266, 3)
(414, 266, 3)
(414, 266, 3)
(414, 266, 3)
(414, 266, 3)
(414, 266, 3)
(414, 266, 3)
(414, 266, 3)
(414, 266, 3)
(414, 266, 3)
(414, 266, 3)
(414, 266, 3)
(414, 266, 3)
(414, 266, 3)
(414, 266, 3)
(414, 266, 3)
(414, 266, 3)
(414, 266, 3)
(414, 266, 3)
(414, 266, 3)
(414, 266, 3)
(414, 266, 3)
(414, 266, 3)
(414, 266, 3)
(414, 266, 3)
(414, 266, 3)
(414, 266, 3)
(414, 266, 3)
(414, 266, 3)
(414, 266, 3)
(414, 266, 3)
(414, 266, 3)
(414, 266, 3)
(414, 266, 3)
(414, 266, 3)
(414, 266, 3)
(414, 266, 3)
(414, 266, 3)
(414, 266, 3)
(414, 266, 3)
(414, 266, 3)
(414, 266, 3)
(414, 266, 3)
predicting 1350/1711
(414, 266, 3)
(414, 266, 3)
(414, 266, 3)
(414, 266, 3)
(414, 266, 3)
(414, 266, 3)
(414, 266, 3)
(414, 266, 3)
(414, 266, 3)
(414, 266, 3)
(414, 266, 3)
(414, 266, 3)
(414, 266, 3)
(414, 266, 3)
(414, 266, 3)
(414, 266, 3)
(414, 266, 3)
(414, 266, 3)
(414, 266, 3)
(414, 266, 3)
(414, 266, 3)
(414, 266, 3)
(414, 266, 3)
(414, 266, 3)
(414, 266, 3)
(414, 266, 3)
(414, 266, 3)
(414, 266, 3)
(414, 266, 3)
(414, 266, 3)
(414, 266, 3)
(414, 266, 3)
(414, 266, 3)
(414, 266, 3)
(414, 266, 3)
(414, 266, 3)
(414, 266, 3)
(414, 266, 3)
(414, 266, 3)
(414, 266, 3)
(414, 266, 3)
(414, 266, 3)
(414, 266, 3)
(414, 266, 3)
(414, 266, 3)
(414, 266, 3)
(414, 266, 3)
(414, 266, 3)
(414, 266, 3)
(414, 266, 3)
predicting 1400/1711
(414, 266, 3)
(414, 266, 3)
(414, 266, 3)
(414, 266, 3)
(414, 266, 3)
(414, 266, 3)
(414, 266, 3)
(414, 266, 3)
(414, 266, 3)
(414, 266, 3)
(414, 266, 3)
(414, 266, 3)
(414, 266, 3)
(414, 266, 3)
(414, 266, 3)
(414, 266, 3)
(414, 266, 3)
(414, 266, 3)
(414, 266, 3)
(414, 266, 3)
(414, 266, 3)
(414, 266, 3)
(414, 266, 3)
(414, 266, 3)
(414, 266, 3)
(414, 266, 3)
(414, 266, 3)
(414, 266, 3)
(414, 266, 3)
(414, 266, 3)
(414, 266, 3)
(414, 266, 3)
(414, 266, 3)
(414, 266, 3)
(414, 266, 3)
(414, 266, 3)
(414, 266, 3)
(414, 266, 3)
(414, 266, 3)
(414, 266, 3)
(414, 266, 3)
(414, 266, 3)
(414, 266, 3)
(414, 266, 3)
(414, 266, 3)
(414, 266, 3)
(414, 266, 3)
(414, 266, 3)
(414, 266, 3)
(414, 266, 3)
predicting 1450/1711
(414, 266, 3)
(414, 266, 3)
(414, 266, 3)
(414, 266, 3)
(414, 266, 3)
(414, 266, 3)
(414, 266, 3)
(414, 266, 3)
(414, 266, 3)
(414, 266, 3)
(414, 266, 3)
(414, 266, 3)
(414, 266, 3)
(414, 266, 3)
(414, 266, 3)
(414, 266, 3)
(414, 266, 3)
(414, 266, 3)
(414, 266, 3)
(414, 266, 3)
(414, 266, 3)
(414, 266, 3)
(414, 266, 3)
(414, 266, 3)
(414, 266, 3)
(414, 266, 3)
(414, 266, 3)
(414, 266, 3)
(414, 266, 3)
(414, 266, 3)
(414, 266, 3)
(414, 266, 3)
(414, 266, 3)
(414, 266, 3)
(414, 266, 3)
(414, 266, 3)
(414, 266, 3)
(414, 266, 3)
(414, 266, 3)
(414, 266, 3)
(414, 266, 3)
(414, 266, 3)
(414, 266, 3)
(414, 266, 3)
(414, 266, 3)
(414, 266, 3)
(414, 266, 3)
(414, 266, 3)
(414, 266, 3)
(414, 266, 3)
predicting 1500/1711
(414, 266, 3)
(414, 266, 3)
(414, 266, 3)
(414, 266, 3)
(414, 266, 3)
(414, 266, 3)
(414, 266, 3)
(414, 266, 3)
(414, 266, 3)
(414, 266, 3)
(414, 266, 3)
(414, 266, 3)
(414, 266, 3)
(414, 266, 3)
(414, 266, 3)
(414, 266, 3)
(414, 266, 3)
(414, 266, 3)
(414, 266, 3)
(414, 266, 3)
(414, 266, 3)
(414, 266, 3)
(414, 266, 3)
(414, 266, 3)
(414, 266, 3)
(414, 266, 3)
(414, 266, 3)
(414, 266, 3)
(414, 266, 3)
(414, 266, 3)
(414, 266, 3)
(414, 266, 3)
(414, 266, 3)
(414, 266, 3)
(414, 266, 3)
(414, 266, 3)
(414, 266, 3)
(414, 266, 3)
(414, 266, 3)
(414, 266, 3)
(414, 266, 3)
(414, 266, 3)
(414, 266, 3)
(414, 266, 3)
(414, 266, 3)
(414, 266, 3)
(414, 266, 3)
(414, 266, 3)
(414, 266, 3)
(414, 266, 3)
predicting 1550/1711
(414, 266, 3)
(414, 266, 3)
(414, 266, 3)
(414, 266, 3)
(414, 266, 3)
(414, 266, 3)
(414, 266, 3)
(414, 266, 3)
(414, 266, 3)
(414, 266, 3)
(414, 266, 3)
(414, 266, 3)
(414, 266, 3)
(414, 266, 3)
(414, 266, 3)
(414, 266, 3)
(414, 266, 3)
(414, 266, 3)
(414, 266, 3)
(414, 266, 3)
(414, 266, 3)
(414, 266, 3)
(414, 266, 3)
(414, 266, 3)
(414, 266, 3)
(414, 266, 3)
(414, 266, 3)
(414, 266, 3)
(414, 266, 3)
(414, 266, 3)
(414, 266, 3)
(414, 266, 3)
(414, 266, 3)
(414, 266, 3)
(414, 266, 3)
(414, 266, 3)
(414, 266, 3)
(414, 266, 3)
(414, 266, 3)
(414, 266, 3)
(414, 266, 3)
(414, 266, 3)
(414, 266, 3)
(414, 266, 3)
(414, 266, 3)
(414, 266, 3)
(414, 266, 3)
(414, 266, 3)
(414, 266, 3)
(414, 266, 3)
predicting 1600/1711
(414, 266, 3)
(414, 266, 3)
(414, 266, 3)
(414, 266, 3)
(414, 266, 3)
(414, 266, 3)
(414, 266, 3)
(414, 266, 3)
(414, 266, 3)
(414, 266, 3)
(414, 266, 3)
(414, 266, 3)
(414, 266, 3)
(414, 266, 3)
(414, 266, 3)
(414, 266, 3)
(414, 266, 3)
(414, 266, 3)
(414, 266, 3)
(414, 266, 3)
(414, 266, 3)
(414, 266, 3)
(414, 266, 3)
(414, 266, 3)
(414, 266, 3)
(414, 266, 3)
(414, 266, 3)
(414, 266, 3)
(414, 266, 3)
(414, 266, 3)
(414, 266, 3)
(414, 266, 3)
(414, 266, 3)
(414, 266, 3)
(414, 266, 3)
(414, 266, 3)
(414, 266, 3)
(414, 266, 3)
(414, 266, 3)
(414, 266, 3)
(414, 266, 3)
(414, 266, 3)
(414, 266, 3)
(414, 266, 3)
(414, 266, 3)
(414, 266, 3)
(414, 266, 3)
(414, 266, 3)
(414, 266, 3)
(414, 266, 3)
predicting 1650/1711
(414, 266, 3)
(414, 266, 3)
(414, 266, 3)
(414, 266, 3)
(414, 266, 3)
(414, 266, 3)
(414, 266, 3)
(414, 266, 3)
(414, 266, 3)
(414, 266, 3)
(414, 266, 3)
(414, 266, 3)
(414, 266, 3)
(414, 266, 3)
(414, 266, 3)
(414, 266, 3)
(414, 266, 3)
(414, 266, 3)
(414, 266, 3)
(414, 266, 3)
(414, 266, 3)
(414, 266, 3)
(414, 266, 3)
(414, 266, 3)
(414, 266, 3)
(414, 266, 3)
(414, 266, 3)
(414, 266, 3)
(414, 266, 3)
(414, 266, 3)
(414, 266, 3)
(414, 266, 3)
(414, 266, 3)
(414, 266, 3)
(414, 266, 3)
(414, 266, 3)
(414, 266, 3)
(414, 266, 3)
(414, 266, 3)
(414, 266, 3)
(414, 266, 3)
(414, 266, 3)
(414, 266, 3)
(414, 266, 3)
(414, 266, 3)
(414, 266, 3)
(414, 266, 3)
(414, 266, 3)
(414, 266, 3)
(414, 266, 3)
/home/leonwilliams/miniforge3/envs/unimatch/lib/python3.8/site-packages/torch/_tensor.py:575: UserWarning: floor_divide is deprecated, and will be removed in a future version of pytorch. It currently rounds toward 0 (like the 'trunc' function NOT 'floor'). This results in incorrect rounding for negative values.
To keep the current behavior, use torch.div(a, b, rounding_mode='trunc'), or for actual floor division, use torch.div(a, b, rounding_mode='floor'). (Triggered internally at  /opt/conda/conda-bld/pytorch_1623448234945/work/aten/src/ATen/native/BinaryOps.cpp:467.)
  return torch.floor_divide(self, other)
predicting 1700/1711
(414, 266, 3)
(414, 266, 3)
(414, 266, 3)
(414, 266, 3)
(414, 266, 3)
(414, 266, 3)
(414, 266, 3)
(414, 266, 3)
(414, 266, 3)
(414, 266, 3)
(414, 266, 3)
Done!
/home/leonwilliams/miniforge3/envs/unimatch/lib/python3.8/site-packages/torch/_tensor.py:575: UserWarning: floor_divide is deprecated, and will be removed in a future version of pytorch. It currently rounds toward 0 (like the 'trunc' function NOT 'floor'). This results in incorrect rounding for negative values.
To keep the current behavior, use torch.div(a, b, rounding_mode='trunc'), or for actual floor division, use torch.div(a, b, rounding_mode='floor'). (Triggered internally at  /opt/conda/conda-bld/pytorch_1623448234945/work/aten/src/ATen/native/BinaryOps.cpp:467.)
  return torch.floor_divide(self, other)
predicting 1700/2028
(414, 266, 3)
(414, 266, 3)
(414, 266, 3)
(414, 266, 3)
(414, 266, 3)
(414, 266, 3)
(414, 266, 3)
(414, 266, 3)
(414, 266, 3)
(414, 266, 3)
(414, 266, 3)
(414, 266, 3)
(414, 266, 3)
(414, 266, 3)
(414, 266, 3)
(414, 266, 3)
(414, 266, 3)
(414, 266, 3)
(414, 266, 3)
(414, 266, 3)
(414, 266, 3)
(414, 266, 3)
(414, 266, 3)
(414, 266, 3)
(414, 266, 3)
(414, 266, 3)
(414, 266, 3)
(414, 266, 3)
(414, 266, 3)
(414, 266, 3)
(414, 266, 3)
(414, 266, 3)
(414, 266, 3)
(414, 266, 3)
(414, 266, 3)
(414, 266, 3)
(414, 266, 3)
(414, 266, 3)
(414, 266, 3)
(414, 266, 3)
(414, 266, 3)
(414, 266, 3)
(414, 266, 3)
(414, 266, 3)
(414, 266, 3)
(414, 266, 3)
(414, 266, 3)
(414, 266, 3)
(414, 266, 3)
(414, 266, 3)
predicting 1750/2028
(414, 266, 3)
(414, 266, 3)
(414, 266, 3)
(414, 266, 3)
(414, 266, 3)
(414, 266, 3)
(414, 266, 3)
(414, 266, 3)
(414, 266, 3)
(414, 266, 3)
(414, 266, 3)
(414, 266, 3)
(414, 266, 3)
(414, 266, 3)
(414, 266, 3)
(414, 266, 3)
(414, 266, 3)
(414, 266, 3)
(414, 266, 3)
(414, 266, 3)
(414, 266, 3)
(414, 266, 3)
(414, 266, 3)
(414, 266, 3)
(414, 266, 3)
(414, 266, 3)
(414, 266, 3)
(414, 266, 3)
(414, 266, 3)
(414, 266, 3)
(414, 266, 3)
(414, 266, 3)
(414, 266, 3)
(414, 266, 3)
(414, 266, 3)
(414, 266, 3)
(414, 266, 3)
(414, 266, 3)
(414, 266, 3)
(414, 266, 3)
(414, 266, 3)
(414, 266, 3)
(414, 266, 3)
(414, 266, 3)
(414, 266, 3)
(414, 266, 3)
(414, 266, 3)
(414, 266, 3)
(414, 266, 3)
(414, 266, 3)
predicting 1800/2028
(414, 266, 3)
(414, 266, 3)
(414, 266, 3)
(414, 266, 3)
(414, 266, 3)
(414, 266, 3)
(414, 266, 3)
(414, 266, 3)
(414, 266, 3)
(414, 266, 3)
(414, 266, 3)
(414, 266, 3)
(414, 266, 3)
(414, 266, 3)
(414, 266, 3)
(414, 266, 3)
(414, 266, 3)
(414, 266, 3)
(414, 266, 3)
(414, 266, 3)
(414, 266, 3)
(414, 266, 3)
(414, 266, 3)
(414, 266, 3)
(414, 266, 3)
(414, 266, 3)
(414, 266, 3)
(414, 266, 3)
(414, 266, 3)
(414, 266, 3)
(414, 266, 3)
(414, 266, 3)
(414, 266, 3)
(414, 266, 3)
(414, 266, 3)
(414, 266, 3)
(414, 266, 3)
(414, 266, 3)
(414, 266, 3)
(414, 266, 3)
(414, 266, 3)
(414, 266, 3)
(414, 266, 3)
(414, 266, 3)
(414, 266, 3)
(414, 266, 3)
(414, 266, 3)
(414, 266, 3)
(414, 266, 3)
(414, 266, 3)
predicting 1850/2028
(414, 266, 3)
(414, 266, 3)
(414, 266, 3)
(414, 266, 3)
(414, 266, 3)
(414, 266, 3)
(414, 266, 3)
(414, 266, 3)
(414, 266, 3)
(414, 266, 3)
(414, 266, 3)
(414, 266, 3)
(414, 266, 3)
(414, 266, 3)
(414, 266, 3)
(414, 266, 3)
(414, 266, 3)
(414, 266, 3)
(414, 266, 3)
(414, 266, 3)
(414, 266, 3)
(414, 266, 3)
(414, 266, 3)
(414, 266, 3)
(414, 266, 3)
(414, 266, 3)
(414, 266, 3)
(414, 266, 3)
(414, 266, 3)
(414, 266, 3)
(414, 266, 3)
(414, 266, 3)
(414, 266, 3)
(414, 266, 3)
(414, 266, 3)
(414, 266, 3)
(414, 266, 3)
(414, 266, 3)
(414, 266, 3)
(414, 266, 3)
(414, 266, 3)
(414, 266, 3)
(414, 266, 3)
(414, 266, 3)
(414, 266, 3)
(414, 266, 3)
(414, 266, 3)
(414, 266, 3)
(414, 266, 3)
(414, 266, 3)
predicting 1900/2028
(414, 266, 3)
(414, 266, 3)
(414, 266, 3)
(414, 266, 3)
(414, 266, 3)
(414, 266, 3)
(414, 266, 3)
(414, 266, 3)
(414, 266, 3)
(414, 266, 3)
(414, 266, 3)
(414, 266, 3)
(414, 266, 3)
(414, 266, 3)
(414, 266, 3)
(414, 266, 3)
(414, 266, 3)
(414, 266, 3)
(414, 266, 3)
(414, 266, 3)
(414, 266, 3)
(414, 266, 3)
(414, 266, 3)
(414, 266, 3)
(414, 266, 3)
(414, 266, 3)
(414, 266, 3)
(414, 266, 3)
(414, 266, 3)
(414, 266, 3)
(414, 266, 3)
(414, 266, 3)
(414, 266, 3)
(414, 266, 3)
(414, 266, 3)
(414, 266, 3)
(414, 266, 3)
(414, 266, 3)
(414, 266, 3)
(414, 266, 3)
(414, 266, 3)
(414, 266, 3)
(414, 266, 3)
(414, 266, 3)
(414, 266, 3)
(414, 266, 3)
(414, 266, 3)
(414, 266, 3)
(414, 266, 3)
(414, 266, 3)
predicting 1950/2028
(414, 266, 3)
(414, 266, 3)
(414, 266, 3)
(414, 266, 3)
(414, 266, 3)
(414, 266, 3)
(414, 266, 3)
(414, 266, 3)
(414, 266, 3)
(414, 266, 3)
(414, 266, 3)
(414, 266, 3)
(414, 266, 3)
(414, 266, 3)
(414, 266, 3)
(414, 266, 3)
(414, 266, 3)
(414, 266, 3)
(414, 266, 3)
(414, 266, 3)
(414, 266, 3)
(414, 266, 3)
(414, 266, 3)
(414, 266, 3)
(414, 266, 3)
(414, 266, 3)
(414, 266, 3)
(414, 266, 3)
(414, 266, 3)
(414, 266, 3)
(414, 266, 3)
(414, 266, 3)
(414, 266, 3)
(414, 266, 3)
(414, 266, 3)
(414, 266, 3)
(414, 266, 3)
(414, 266, 3)
(414, 266, 3)
(414, 266, 3)
(414, 266, 3)
(414, 266, 3)
(414, 266, 3)
(414, 266, 3)
(414, 266, 3)
(414, 266, 3)
(414, 266, 3)
(414, 266, 3)
(414, 266, 3)
(414, 266, 3)
predicting 2000/2028
(414, 266, 3)
(414, 266, 3)
(414, 266, 3)
(414, 266, 3)
(414, 266, 3)
(414, 266, 3)
(414, 266, 3)
(414, 266, 3)
(414, 266, 3)
(414, 266, 3)
(414, 266, 3)
(414, 266, 3)
(414, 266, 3)
(414, 266, 3)
(414, 266, 3)
(414, 266, 3)
(414, 266, 3)
(414, 266, 3)
(414, 266, 3)
(414, 266, 3)
(414, 266, 3)
(414, 266, 3)
(414, 266, 3)
(414, 266, 3)
(414, 266, 3)
(414, 266, 3)
(414, 266, 3)
(414, 266, 3)
Done!
